[debug] [2022-07-23T10:52:31.802Z] ----------------------------------------------------------------------
[debug] [2022-07-23T10:52:31.804Z] Command:       /usr/local/bin/node /usr/local/bin/firebase emulators:start --only functions
[debug] [2022-07-23T10:52:31.804Z] CLI Version:   11.3.0
[debug] [2022-07-23T10:52:31.804Z] Platform:      darwin
[debug] [2022-07-23T10:52:31.804Z] Node Version:  v16.15.0
[debug] [2022-07-23T10:52:31.805Z] Time:          Sat Jul 23 2022 12:52:31 GMT+0200 (heure d’été d’Europe centrale)
[debug] [2022-07-23T10:52:31.805Z] ----------------------------------------------------------------------
[debug] 
[debug] [2022-07-23T10:52:31.857Z] > command requires scopes: ["email","openid","https://www.googleapis.com/auth/cloudplatformprojects.readonly","https://www.googleapis.com/auth/firebase","https://www.googleapis.com/auth/cloud-platform"]
[debug] [2022-07-23T10:52:31.858Z] > authorizing via signed-in user (sylvainboeuf@gmail.com)
[info] i  emulators: Starting emulators: functions {"metadata":{"emulator":{"name":"hub"},"message":"Starting emulators: functions"}}
[debug] [2022-07-23T10:52:31.870Z] [hub] writing locator at /var/folders/ls/psl83p4n2dj0_7mxjdy17kfc0000gn/T/hub-quiz-b4c85.json
[warn] ⚠  functions: The following emulators are not running, calls to these services from the Functions emulator will affect production: auth, firestore, database, hosting, pubsub, storage {"metadata":{"emulator":{"name":"functions"},"message":"The following emulators are not running, calls to these services from the Functions emulator will affect production: \u001b[1mauth, firestore, database, hosting, pubsub, storage\u001b[22m"}}
[info] ✔  functions: Using node@16 from host. {"metadata":{"emulator":{"name":"functions"},"message":"Using node@16 from host."}}
[warn] ⚠  functions: Your GOOGLE_APPLICATION_CREDENTIALS environment variable points to /Users/somedo/.private/accountKeyOmedoDev.json. Non-emulated services will access production using these credentials. Be careful! {"metadata":{"emulator":{"name":"functions"},"message":"Your GOOGLE_APPLICATION_CREDENTIALS environment variable points to /Users/somedo/.private/accountKeyOmedoDev.json. Non-emulated services will access production using these credentials. Be careful!"}}
[debug] [2022-07-23T10:52:31.899Z] >>> [apiv2][query] GET https://firebase.googleapis.com/v1beta1/projects/quiz-b4c85/adminSdkConfig [none]
[debug] [2022-07-23T10:52:32.218Z] <<< [apiv2][status] GET https://firebase.googleapis.com/v1beta1/projects/quiz-b4c85/adminSdkConfig 200
[debug] [2022-07-23T10:52:32.219Z] <<< [apiv2][body] GET https://firebase.googleapis.com/v1beta1/projects/quiz-b4c85/adminSdkConfig {"projectId":"quiz-b4c85","storageBucket":"quiz-b4c85.appspot.com","locationId":"us-central"}
[debug] [2022-07-23T10:52:32.517Z] Ignoring unsupported arg: auto_download {"metadata":{"emulator":{"name":"ui"},"message":"Ignoring unsupported arg: auto_download"}}
[debug] [2022-07-23T10:52:32.518Z] Ignoring unsupported arg: port {"metadata":{"emulator":{"name":"ui"},"message":"Ignoring unsupported arg: port"}}
[debug] [2022-07-23T10:52:32.518Z] Starting Emulator UI with command {"binary":"node","args":["/Users/somedo/.cache/firebase/emulators/ui-v1.8.1/server/server.js"],"optionalArgs":[],"joinArgs":false} {"metadata":{"emulator":{"name":"ui"},"message":"Starting Emulator UI with command {\"binary\":\"node\",\"args\":[\"/Users/somedo/.cache/firebase/emulators/ui-v1.8.1/server/server.js\"],\"optionalArgs\":[],\"joinArgs\":false}"}}
[info] i  ui: Emulator UI logging to ui-debug.log {"metadata":{"emulator":{"name":"ui"},"message":"Emulator UI logging to \u001b[1mui-debug.log\u001b[22m"}}
[debug] [2022-07-23T10:52:32.642Z] Web / API server started at localhost:4000
 {"metadata":{"emulator":{"name":"ui"},"message":"Web / API server started at localhost:4000\n"}}
[info] i  functions: Watching "/Users/somedo/Desktop/quiz/functions" for Cloud Functions... {"metadata":{"emulator":{"name":"functions"},"message":"Watching \"/Users/somedo/Desktop/quiz/functions\" for Cloud Functions..."}}
[debug] [2022-07-23T10:52:32.798Z] Validating nodejs source
[debug] [2022-07-23T10:52:34.150Z] > [functions] package.json contents: {
  "name": "functions",
  "description": "Cloud Functions for Firebase",
  "scripts": {
    "lint": "eslint .",
    "serve": "firebase emulators:start --only functions",
    "shell": "firebase functions:shell",
    "start": "npm run shell",
    "deploy": "firebase deploy --only functions",
    "logs": "firebase functions:log"
  },
  "engines": {
    "node": "16"
  },
  "main": "index.js",
  "dependencies": {
    "firebase": "^9.9.1",
    "firebase-admin": "^10.3.0",
    "firebase-functions": "^3.22.0",
    "npm": "^8.15.0"
  },
  "devDependencies": {
    "eslint": "^8.9.0",
    "eslint-config-google": "^0.14.0",
    "firebase-functions-test": "^0.2.0"
  },
  "private": true
}
[debug] [2022-07-23T10:52:34.151Z] Building nodejs source
[debug] [2022-07-23T10:52:34.151Z] Analyzing nodejs backend spec
[debug] [2022-07-23T10:52:34.153Z] Could not find functions.yaml. Must use http discovery
[debug] [2022-07-23T10:52:34.384Z] Serving at port 9005

[debug] [2022-07-23T10:52:34.754Z] Got response from /__/functions.yaml {"endpoints":{"onUserCreate":{"platform":"gcfv1","eventTrigger":{"eventType":"providers/cloud.firestore/eventTypes/document.create","eventFilters":{"resource":"projects/quiz-b4c85/databases/(default)/documents/users/{userId}"},"retry":false},"labels":{},"entryPoint":"onUserCreate"}},"specVersion":"v1alpha1","requiredAPIs":[]}
[debug] [2022-07-23T10:52:34.765Z] shutdown requested via /__/quitquitquit

[info] i  functions[us-central1-onUserCreate]: function ignored because the firestore emulator does not exist or is not running. {"metadata":{"emulator":{"name":"functions"},"message":"function ignored because the firestore emulator does not exist or is not running."}}
[info] 
┌─────────────────────────────────────────────────────────────┐
│ ✔  All emulators ready! It is now safe to connect your app. │
│ i  View Emulator UI at http://localhost:4000                │
└─────────────────────────────────────────────────────────────┘

┌───────────┬────────────────┬─────────────────────────────────┐
│ Emulator  │ Host:Port      │ View in Emulator UI             │
├───────────┼────────────────┼─────────────────────────────────┤
│ Functions │ localhost:5001 │ http://localhost:4000/functions │
└───────────┴────────────────┴─────────────────────────────────┘
  Emulator Hub running at localhost:4400
  Other reserved ports: 4500

Issues? Report them at https://github.com/firebase/firebase-tools/issues and attach the *-debug.log files.
 
